<?xml version="1.0" encoding="UTF-8"?>
<!-- Generated by org.testng.reporters.JUnitReportReporter -->
<testsuite hostname="LAPTOP-D91JMTOQ" failures="0" tests="4" name="com.recoding.DemoRecording" time="47.811" errors="0" timestamp="2023-10-02T12:58:57 IST" skipped="0">
  <testcase classname="com.recoding.DemoRecording" name="startedRecording" time="0.870"/>
  <system-out/>
  <testcase classname="com.recoding.DemoRecording" name="openBrowser" time="44.107"/>
  <system-out/>
  <testcase classname="com.recoding.DemoRecording" name="closeBrowser" time="0.160"/>
  <system-out/>
  <testcase classname="com.recoding.DemoRecording" name="stopRecording" time="2.674"/>
  <system-out/>
</testsuite> <!-- com.recoding.DemoRecording -->
