<?xml version="1.0" encoding="UTF-8"?>
<!-- Generated by org.testng.reporters.JUnitReportReporter -->
<testsuite hostname="LAPTOP-D91JMTOQ" failures="0" tests="1" name="com.excel.DemoExcell2" time="1.057" errors="0" timestamp="2023-09-16T19:27:39 IST" skipped="0">
  <testcase classname="com.excel.DemoExcell2" name="excellCreation" time="1.057"/>
  <system-out/>
</testsuite> <!-- com.excel.DemoExcell2 -->
