<?xml version="1.0" encoding="UTF-8"?>
<!-- Generated by org.testng.reporters.JUnitReportReporter -->
<testsuite hostname="LAPTOP-D91JMTOQ" failures="0" tests="1" name="com.test.Demo" time="0.014" errors="0" timestamp="2023-09-21T00:16:51 IST" skipped="0">
  <testcase classname="com.test.Demo" name="test" time="0.014"/>
  <system-out/>
</testsuite> <!-- com.test.Demo -->
