<?xml version="1.0" encoding="UTF-8"?>
<!-- Generated by org.testng.reporters.JUnitReportReporter -->
<testsuite hostname="LAPTOP-D91JMTOQ" failures="0" tests="1" name="com.pagenation.DemoPageNation2" time="75.429" errors="0" timestamp="2023-09-30T19:33:29 IST" skipped="0">
  <testcase classname="com.pagenation.DemoPageNation2" name="demoWebDriver" time="75.429"/>
  <system-out/>
</testsuite> <!-- com.pagenation.DemoPageNation2 -->
