<?xml version="1.0" encoding="UTF-8"?>
<!-- Generated by org.testng.reporters.JUnitReportReporter -->
<testsuite hostname="LAPTOP-D91JMTOQ" failures="0" tests="1" name="com.excel1.Test156" time="1.599" errors="0" timestamp="2023-09-19T12:02:48 IST" skipped="0">
  <testcase classname="com.excel1.Test156" name="practicesExcel" time="1.599"/>
  <system-out/>
</testsuite> <!-- com.excel1.Test156 -->
