<?xml version="1.0" encoding="UTF-8"?>
<!-- Generated by org.testng.reporters.JUnitReportReporter -->
<testsuite hostname="LAPTOP-D91JMTOQ" failures="0" tests="3" name="com.reds.Demo" time="0.015" errors="0" timestamp="2023-09-21T17:53:12 IST" skipped="0">
  <testcase classname="com.reds.Demo" name="amethod" time="0.011"/>
  <system-out/>
  <testcase classname="com.reds.Demo" name="method1" time="0.002"/>
  <system-out/>
  <testcase classname="com.reds.Demo" name="methoda" time="0.002"/>
  <system-out/>
</testsuite> <!-- com.reds.Demo -->
