<?xml version="1.0" encoding="UTF-8"?>
<!-- Generated by org.testng.reporters.JUnitReportReporter -->
<testsuite hostname="LAPTOP-D91JMTOQ" failures="0" tests="1" name="com.excel1.CreatingExcel" time="0.706" errors="0" timestamp="2023-09-18T11:25:36 IST" skipped="0">
  <testcase classname="com.excel1.CreatingExcel" name="excelCreating" time="0.706"/>
  <system-out/>
</testsuite> <!-- com.excel1.CreatingExcel -->
