<?xml version="1.0" encoding="UTF-8"?>
<!-- Generated by org.testng.reporters.JUnitReportReporter -->
<testsuite hostname="LAPTOP-D91JMTOQ" failures="0" tests="3" name="com.flipkart.FlipkartDemo" time="354.052" errors="0" timestamp="2023-10-03T18:45:12 IST" skipped="0">
  <testcase classname="com.flipkart.FlipkartDemo" name="launchBrowser" time="6.728"/>
  <system-out/>
  <testcase classname="com.flipkart.FlipkartDemo" name="findingMaxMinValues" time="347.308"/>
  <system-out/>
  <testcase classname="com.flipkart.FlipkartDemo" name="method4" time="0.016"/>
  <system-out/>
</testsuite> <!-- com.flipkart.FlipkartDemo -->
