<?xml version="1.0" encoding="UTF-8"?>
<!-- Generated by org.testng.reporters.JUnitReportReporter -->
<testsuite hostname="LAPTOP-D91JMTOQ" failures="0" tests="1" name="com.excel.ReadingExitingExcel" time="1.143" errors="0" timestamp="2023-09-16T21:08:08 IST" skipped="0">
  <testcase classname="com.excel.ReadingExitingExcel" name="usingExisitingExcel" time="1.143"/>
  <system-out/>
</testsuite> <!-- com.excel.ReadingExitingExcel -->
