<?xml version="1.0" encoding="UTF-8"?>
<!-- Generated by org.testng.reporters.JUnitReportReporter -->
<testsuite hostname="LAPTOP-D91JMTOQ" failures="0" tests="1" name="com.excel1.GettingCountOfSheetRowsColumns" time="1.169" errors="0" timestamp="2023-09-18T12:16:31 IST" skipped="0">
  <testcase classname="com.excel1.GettingCountOfSheetRowsColumns" name="countOfEcahSheetRowsColumns" time="1.169"/>
  <system-out/>
</testsuite> <!-- com.excel1.GettingCountOfSheetRowsColumns -->
