<?xml version="1.0" encoding="UTF-8"?>
<!-- Generated by org.testng.reporters.JUnitReportReporter -->
<testsuite hostname="LAPTOP-D91JMTOQ" failures="0" tests="1" name="com.pagenation.DemoPageNation" time="71.563" errors="0" timestamp="2023-09-30T19:22:51 IST" skipped="0">
  <testcase classname="com.pagenation.DemoPageNation" name="demoWebDriver" time="71.563"/>
  <system-out/>
</testsuite> <!-- com.pagenation.DemoPageNation -->
