<?xml version="1.0" encoding="UTF-8"?>
<!-- Generated by org.testng.reporters.JUnitReportReporter -->
<testsuite hostname="LAPTOP-D91JMTOQ" failures="0" tests="1" name="com.demo.GoogleTest" time="11.328" errors="0" timestamp="2023-09-15T17:49:46 IST" skipped="0">
  <testcase classname="com.demo.GoogleTest" name="openGoogle" time="11.328"/>
  <system-out/>
</testsuite> <!-- com.demo.GoogleTest -->
