<?xml version="1.0" encoding="UTF-8"?>
<!-- Generated by org.testng.reporters.JUnitReportReporter -->
<testsuite hostname="LAPTOP-D91JMTOQ" failures="0" tests="1" name="com.excel.CreatingNewSheetExistingFile" time="1.712" errors="0" timestamp="2023-09-16T21:09:28 IST" skipped="0">
  <testcase classname="com.excel.CreatingNewSheetExistingFile" name="newSheetCreating" time="1.712"/>
  <system-out/>
</testsuite> <!-- com.excel.CreatingNewSheetExistingFile -->
