<?xml version="1.0" encoding="UTF-8"?>
<!-- Generated by org.testng.reporters.JUnitReportReporter -->
<testsuite hostname="LAPTOP-D91JMTOQ" failures="0" tests="1" name="com.zip.DemoZip" time="2.921" errors="0" timestamp="2023-10-02T17:41:04 IST" skipped="0">
  <testcase classname="com.zip.DemoZip" name="zipFile" time="2.921"/>
  <system-out/>
</testsuite> <!-- com.zip.DemoZip -->
