<?xml version="1.0" encoding="UTF-8"?>
<!-- Generated by org.testng.reporters.JUnitReportReporter -->
<testsuite hostname="LAPTOP-D91JMTOQ" failures="0" tests="1" name="com.excel.ExcelDemo" time="0.360" errors="0" timestamp="2023-09-16T19:24:57 IST" skipped="0">
  <testcase classname="com.excel.ExcelDemo" name="creatingExcel" time="0.360"/>
  <system-out/>
</testsuite> <!-- com.excel.ExcelDemo -->
