<?xml version="1.0" encoding="UTF-8"?>
<!-- Generated by org.testng.reporters.JUnitReportReporter -->
<testsuite hostname="LAPTOP-D91JMTOQ" failures="0" tests="1" name="com.excel1.CreatingExcelX" time="1.540" errors="0" timestamp="2023-09-18T11:33:50 IST" skipped="0">
  <testcase classname="com.excel1.CreatingExcelX" name="excelXCreating" time="1.540"/>
  <system-out/>
</testsuite> <!-- com.excel1.CreatingExcelX -->
