<?xml version="1.0" encoding="UTF-8"?>
<!-- Generated by org.testng.reporters.JUnitReportReporter -->
<testsuite hostname="LAPTOP-D91JMTOQ" failures="0" tests="1" name="com.excel1.Test155" time="1.525" errors="0" timestamp="2023-09-18T23:50:34 IST" skipped="0">
  <testcase classname="com.excel1.Test155" name="practicesExcel" time="1.525"/>
  <system-out/>
</testsuite> <!-- com.excel1.Test155 -->
