<?xml version="1.0" encoding="UTF-8"?>
<!-- Generated by org.testng.reporters.JUnitReportReporter -->
<testsuite hostname="LAPTOP-D91JMTOQ" failures="0" tests="1" name="com.constructor.Demo" time="0.019" errors="0" timestamp="2023-09-21T11:07:00 IST" skipped="0">
  <testcase classname="com.constructor.Demo" name="m1" time="0.019"/>
  <system-out/>
</testsuite> <!-- com.constructor.Demo -->
