<?xml version="1.0" encoding="UTF-8"?>
<!-- Generated by org.testng.reporters.JUnitReportReporter -->
<testsuite hostname="LAPTOP-D91JMTOQ" failures="0" tests="1" name="com.excel1.AddingNewSheet" time="1.551" errors="0" timestamp="2023-09-18T12:38:39 IST" skipped="0">
  <testcase classname="com.excel1.AddingNewSheet" name="newSheetAdding" time="1.551"/>
  <system-out/>
</testsuite> <!-- com.excel1.AddingNewSheet -->
