<?xml version="1.0" encoding="UTF-8"?>
<!-- Generated by org.testng.reporters.JUnitReportReporter -->
<testsuite hostname="LAPTOP-D91JMTOQ" failures="0" tests="1" name="com.crossbrowser.testing.CrossBrowser" time="17.845" errors="0" timestamp="2023-08-15T20:01:37 IST" skipped="0">
  <testcase classname="com.crossbrowser.testing.CrossBrowser" name="method" time="17.845"/>
  <system-out/>
</testsuite> <!-- com.crossbrowser.testing.CrossBrowser -->
