<?xml version="1.0" encoding="UTF-8"?>
<!-- Generated by org.testng.reporters.JUnitReportReporter -->
<testsuite hostname="LAPTOP-D91JMTOQ" failures="0" tests="3" name="com.cookies.Demo3" time="16.492" errors="0" timestamp="2023-08-11T12:41:38 IST" skipped="0">
  <testcase classname="com.cookies.Demo3" name="method2" time="0.077"/>
  <system-out/>
  <testcase classname="com.cookies.Demo3" name="method1" time="16.187"/>
  <system-out/>
  <testcase classname="com.cookies.Demo3" name="method3" time="0.228"/>
  <system-out/>
</testsuite> <!-- com.cookies.Demo3 -->
