<?xml version="1.0" encoding="UTF-8"?>
<!-- Generated by org.testng.reporters.JUnitReportReporter -->
<testsuite hostname="LAPTOP-D91JMTOQ" failures="0" tests="1" name="com.cookies.Testing1" time="8.545" errors="0" timestamp="2023-08-10T20:24:43 IST" skipped="0">
  <testcase classname="com.cookies.Testing1" name="OpenTest" time="8.545"/>
  <system-out/>
</testsuite> <!-- com.cookies.Testing1 -->
