<?xml version="1.0" encoding="UTF-8"?>
<!-- Generated by org.testng.reporters.JUnitReportReporter -->
<testsuite hostname="LAPTOP-D91JMTOQ" failures="0" tests="1" name="com.takeScreenshots.TakingScreen_Shot" time="5.340" errors="0" timestamp="2023-05-01T20:39:46 IST" skipped="0">
  <testcase classname="com.takeScreenshots.TakingScreen_Shot" name="getScreenShot" time="5.340"/>
  <system-out/>
</testsuite> <!-- com.takeScreenshots.TakingScreen_Shot -->
