<?xml version="1.0" encoding="UTF-8"?>
<!-- Generated by org.testng.reporters.JUnitReportReporter -->
<testsuite hostname="LAPTOP-D91JMTOQ" failures="0" tests="1" name="com.test.Test1" time="0.010" errors="0" timestamp="2023-07-23T17:55:56 IST" skipped="0">
  <testcase classname="com.test.Test1" name="method" time="0.010"/>
  <system-out/>
</testsuite> <!-- com.test.Test1 -->
