<?xml version="1.0" encoding="UTF-8"?>
<!-- Generated by org.testng.reporters.JUnitReportReporter -->
<testsuite hostname="LAPTOP-D91JMTOQ" failures="0" tests="4" name="com.cookies.Demo2" time="43.784" errors="0" timestamp="2023-08-11T12:47:12 IST" skipped="0">
  <testcase classname="com.cookies.Demo2" name="methoid1" time="37.225"/>
  <system-out/>
  <testcase classname="com.cookies.Demo2" name="methoid2" time="0.091"/>
  <system-out/>
  <testcase classname="com.cookies.Demo2" name="methoid3" time="6.244"/>
  <system-out/>
  <testcase classname="com.cookies.Demo2" name="methoid4" time="0.224"/>
  <system-out/>
</testsuite> <!-- com.cookies.Demo2 -->
