<?xml version="1.0" encoding="UTF-8"?>
<!-- Generated by org.testng.reporters.JUnitReportReporter -->
<testsuite hostname="LAPTOP-D91JMTOQ" failures="0" tests="1" name="com.utilities.ImageDemo" time="16.054" errors="0" timestamp="2023-09-08T13:26:47 IST" skipped="0">
  <testcase classname="com.utilities.ImageDemo" name="getImagesDemo" time="16.054"/>
  <system-out/>
</testsuite> <!-- com.utilities.ImageDemo -->
