<?xml version="1.0" encoding="UTF-8"?>
<!-- Generated by org.testng.reporters.JUnitReportReporter -->
<testsuite hostname="LAPTOP-D91JMTOQ" failures="0" tests="1" name="com.elementcounts.ElementsCountDemo" time="9.458" errors="0" timestamp="2023-09-04T20:37:41 IST" skipped="0">
  <testcase classname="com.elementcounts.ElementsCountDemo" name="demoCount" time="9.458"/>
  <system-out/>
</testsuite> <!-- com.elementcounts.ElementsCountDemo -->
