<?xml version="1.0" encoding="UTF-8"?>
<!-- Generated by org.testng.reporters.JUnitReportReporter -->
<testsuite hostname="LAPTOP-D91JMTOQ" failures="0" tests="1" name="com.browser.debug.BrowserDebuging" time="58.478" errors="0" timestamp="2023-09-03T16:02:08 IST" skipped="0">
  <testcase classname="com.browser.debug.BrowserDebuging" name="debugingBrowser" time="58.478"/>
  <system-out/>
</testsuite> <!-- com.browser.debug.BrowserDebuging -->
