<?xml version="1.0" encoding="UTF-8"?>
<!-- Generated by org.testng.reporters.JUnitReportReporter -->
<testsuite hostname="LAPTOP-D91JMTOQ" failures="0" tests="1" name="com.stringdemo.SpecifiedLetterCount" time="0.015" errors="0" timestamp="2023-10-16T07:25:50 IST" skipped="0">
  <testcase classname="com.stringdemo.SpecifiedLetterCount" name="demo" time="0.015"/>
  <system-out/>
</testsuite> <!-- com.stringdemo.SpecifiedLetterCount -->
